{"/Users/hectorarrieta/gallery-manager-api/src/db/prisma.ts": {"path":"/Users/hectorarrieta/gallery-manager-api/src/db/prisma.ts","statementMap":{"0":{"start":{"line":1,"column":0},"end":{"line":1,"column":46}},"1":{"start":{"line":9,"column":2},"end":{"line":15,"column":4}},"2":{"start":{"line":17,"column":0},"end":{"line":19,"column":1}},"3":{"start":{"line":18,"column":2},"end":{"line":18,"column":27}},"4":{"start":{"line":21,"column":0},"end":{"line":21,"column":22}}},"fnMap":{},"branchMap":{"0":{"loc":{"start":{"line":9,"column":2},"end":{"line":15,"column":4}},"type":"binary-expr","locations":[{"start":{"line":9,"column":2},"end":{"line":9,"column":17}},{"start":{"line":10,"column":2},"end":{"line":15,"column":4}}]},"1":{"loc":{"start":{"line":12,"column":6},"end":{"line":14,"column":19}},"type":"cond-expr","locations":[{"start":{"line":13,"column":10},"end":{"line":13,"column":36}},{"start":{"line":14,"column":10},"end":{"line":14,"column":19}}]},"2":{"loc":{"start":{"line":17,"column":0},"end":{"line":19,"column":1}},"type":"if","locations":[{"start":{"line":17,"column":0},"end":{"line":19,"column":1}},{"start":{},"end":{}}]}},"s":{"0":0,"1":0,"2":0,"3":0,"4":0},"f":{},"b":{"0":[0,0],"1":[0,0],"2":[0,0]}}
,"/Users/hectorarrieta/gallery-manager-api/src/db/supabase.ts": {"path":"/Users/hectorarrieta/gallery-manager-api/src/db/supabase.ts","statementMap":{"0":{"start":{"line":12,"column":0},"end":{"line":12,"column":16}},"1":{"start":{"line":1,"column":0},"end":{"line":1,"column":69}},"2":{"start":{"line":2,"column":0},"end":{"line":2,"column":58}},"3":{"start":{"line":13,"column":2},"end":{"line":26,"column":3}},"4":{"start":{"line":14,"column":25},"end":{"line":14,"column":49}},"5":{"start":{"line":15,"column":29},"end":{"line":15,"column":66}},"6":{"start":{"line":17,"column":4},"end":{"line":21,"column":5}},"7":{"start":{"line":18,"column":6},"end":{"line":20,"column":9}},"8":{"start":{"line":23,"column":4},"end":{"line":25,"column":7}},"9":{"start":{"line":28,"column":2},"end":{"line":28,"column":16}}},"fnMap":{"0":{"name":"getSupabaseClient","decl":{"start":{"line":12,"column":16},"end":{"line":12,"column":33}},"loc":{"start":{"line":12,"column":33},"end":{"line":29,"column":1}}}},"branchMap":{"0":{"loc":{"start":{"line":13,"column":2},"end":{"line":26,"column":3}},"type":"if","locations":[{"start":{"line":13,"column":2},"end":{"line":26,"column":3}},{"start":{},"end":{}}]},"1":{"loc":{"start":{"line":17,"column":4},"end":{"line":21,"column":5}},"type":"if","locations":[{"start":{"line":17,"column":4},"end":{"line":21,"column":5}},{"start":{},"end":{}}]},"2":{"loc":{"start":{"line":17,"column":8},"end":{"line":17,"column":42}},"type":"binary-expr","locations":[{"start":{"line":17,"column":8},"end":{"line":17,"column":21}},{"start":{"line":17,"column":25},"end":{"line":17,"column":42}}]}},"s":{"0":0,"1":0,"2":0,"3":0,"4":0,"5":0,"6":0,"7":0,"8":0,"9":0},"f":{"0":0},"b":{"0":[0,0],"1":[0,0],"2":[0,0]}}
,"/Users/hectorarrieta/gallery-manager-api/src/dtos/ArtworkDTO.ts": {"path":"/Users/hectorarrieta/gallery-manager-api/src/dtos/ArtworkDTO.ts","statementMap":{"0":{"start":{"line":19,"column":4},"end":{"line":19,"column":25}},"1":{"start":{"line":20,"column":4},"end":{"line":20,"column":39}},"2":{"start":{"line":21,"column":4},"end":{"line":21,"column":31}},"3":{"start":{"line":22,"column":4},"end":{"line":22,"column":41}},"4":{"start":{"line":23,"column":4},"end":{"line":23,"column":29}},"5":{"start":{"line":24,"column":4},"end":{"line":24,"column":43}},"6":{"start":{"line":25,"column":4},"end":{"line":25,"column":31}},"7":{"start":{"line":26,"column":4},"end":{"line":26,"column":37}},"8":{"start":{"line":27,"column":4},"end":{"line":27,"column":37}},"9":{"start":{"line":28,"column":4},"end":{"line":28,"column":39}},"10":{"start":{"line":29,"column":4},"end":{"line":29,"column":39}},"11":{"start":{"line":5,"column":0},"end":{"line":5,"column":13}}},"fnMap":{"0":{"name":"(anonymous_0)","decl":{"start":{"line":18,"column":2},"end":{"line":18,"column":14}},"loc":{"start":{"line":18,"column":30},"end":{"line":30,"column":3}}}},"branchMap":{},"s":{"0":0,"1":0,"2":0,"3":0,"4":0,"5":0,"6":0,"7":0,"8":0,"9":0,"10":0,"11":0},"f":{"0":0},"b":{}}
,"/Users/hectorarrieta/gallery-manager-api/src/dtos/GalleryDTO.ts": {"path":"/Users/hectorarrieta/gallery-manager-api/src/dtos/GalleryDTO.ts","statementMap":{"0":{"start":{"line":18,"column":4},"end":{"line":18,"column":25}},"1":{"start":{"line":19,"column":4},"end":{"line":19,"column":33}},"2":{"start":{"line":20,"column":4},"end":{"line":20,"column":31}},"3":{"start":{"line":21,"column":4},"end":{"line":21,"column":43}},"4":{"start":{"line":22,"column":4},"end":{"line":22,"column":37}},"5":{"start":{"line":23,"column":4},"end":{"line":23,"column":31}},"6":{"start":{"line":24,"column":4},"end":{"line":24,"column":39}},"7":{"start":{"line":25,"column":4},"end":{"line":25,"column":39}},"8":{"start":{"line":7,"column":0},"end":{"line":7,"column":13}}},"fnMap":{"0":{"name":"(anonymous_0)","decl":{"start":{"line":17,"column":2},"end":{"line":17,"column":14}},"loc":{"start":{"line":17,"column":30},"end":{"line":26,"column":3}}}},"branchMap":{},"s":{"0":0,"1":0,"2":0,"3":0,"4":0,"5":0,"6":0,"7":0,"8":0},"f":{"0":0},"b":{}}
,"/Users/hectorarrieta/gallery-manager-api/src/dtos/UserDTO.ts": {"path":"/Users/hectorarrieta/gallery-manager-api/src/dtos/UserDTO.ts","statementMap":{"0":{"start":{"line":10,"column":4},"end":{"line":10,"column":22}},"1":{"start":{"line":11,"column":4},"end":{"line":11,"column":28}},"2":{"start":{"line":12,"column":4},"end":{"line":12,"column":26}},"3":{"start":{"line":13,"column":4},"end":{"line":13,"column":26}},"4":{"start":{"line":3,"column":0},"end":{"line":3,"column":13}}},"fnMap":{"0":{"name":"(anonymous_0)","decl":{"start":{"line":9,"column":2},"end":{"line":9,"column":14}},"loc":{"start":{"line":9,"column":24},"end":{"line":15,"column":3}}}},"branchMap":{},"s":{"0":8,"1":8,"2":8,"3":8,"4":2},"f":{"0":8},"b":{}}
,"/Users/hectorarrieta/gallery-manager-api/src/errors/AppErrors.ts": {"path":"/Users/hectorarrieta/gallery-manager-api/src/errors/AppErrors.ts","statementMap":{"0":{"start":{"line":37,"column":0},"end":{"line":37,"column":16}},"1":{"start":{"line":8,"column":4},"end":{"line":8,"column":19}},"2":{"start":{"line":3,"column":11},"end":{"line":3,"column":23}},"3":{"start":{"line":4,"column":11},"end":{"line":4,"column":29}},"4":{"start":{"line":6,"column":11},"end":{"line":6,"column":28}},"5":{"start":{"line":9,"column":4},"end":{"line":9,"column":27}},"6":{"start":{"line":1,"column":0},"end":{"line":1,"column":13}},"7":{"start":{"line":19,"column":13},"end":{"line":35,"column":46}},"8":{"start":{"line":41,"column":2},"end":{"line":46,"column":4}}},"fnMap":{"0":{"name":"(anonymous_0)","decl":{"start":{"line":2,"column":2},"end":{"line":2,"column":null}},"loc":{"start":{"line":6,"column":28},"end":{"line":10,"column":3}}},"1":{"name":"createError","decl":{"start":{"line":37,"column":16},"end":{"line":37,"column":27}},"loc":{"start":{"line":39,"column":53},"end":{"line":47,"column":1}}}},"branchMap":{"0":{"loc":{"start":{"line":44,"column":4},"end":{"line":44,"column":42}},"type":"binary-expr","locations":[{"start":{"line":44,"column":4},"end":{"line":44,"column":22}},{"start":{"line":44,"column":26},"end":{"line":44,"column":42}}]}},"s":{"0":3,"1":15,"2":15,"3":15,"4":15,"5":15,"6":3,"7":3,"8":15},"f":{"0":15,"1":15},"b":{"0":[15,8]}}
,"/Users/hectorarrieta/gallery-manager-api/src/middleware/auth.ts": {"path":"/Users/hectorarrieta/gallery-manager-api/src/middleware/auth.ts","statementMap":{"0":{"start":{"line":8,"column":0},"end":{"line":8,"column":16}},"1":{"start":{"line":20,"column":0},"end":{"line":20,"column":16}},"2":{"start":{"line":2,"column":0},"end":{"line":2,"column":31}},"3":{"start":{"line":3,"column":0},"end":{"line":3,"column":58}},"4":{"start":{"line":6,"column":19},"end":{"line":6,"column":41}},"5":{"start":{"line":9,"column":2},"end":{"line":11,"column":3}},"6":{"start":{"line":10,"column":4},"end":{"line":10,"column":90}},"7":{"start":{"line":13,"column":2},"end":{"line":17,"column":3}},"8":{"start":{"line":14,"column":4},"end":{"line":14,"column":55}},"9":{"start":{"line":16,"column":4},"end":{"line":16,"column":87}},"10":{"start":{"line":21,"column":16},"end":{"line":21,"column":65}},"11":{"start":{"line":23,"column":2},"end":{"line":26,"column":3}},"12":{"start":{"line":24,"column":4},"end":{"line":24,"column":91}},"13":{"start":{"line":25,"column":4},"end":{"line":25,"column":11}},"14":{"start":{"line":28,"column":2},"end":{"line":33,"column":3}},"15":{"start":{"line":29,"column":4},"end":{"line":29,"column":34}},"16":{"start":{"line":30,"column":4},"end":{"line":30,"column":11}},"17":{"start":{"line":32,"column":4},"end":{"line":32,"column":14}}},"fnMap":{"0":{"name":"verifyToken","decl":{"start":{"line":8,"column":16},"end":{"line":8,"column":27}},"loc":{"start":{"line":8,"column":41},"end":{"line":18,"column":1}}},"1":{"name":"requireAuth","decl":{"start":{"line":20,"column":16},"end":{"line":20,"column":27}},"loc":{"start":{"line":20,"column":76},"end":{"line":34,"column":1}}}},"branchMap":{"0":{"loc":{"start":{"line":9,"column":2},"end":{"line":11,"column":3}},"type":"if","locations":[{"start":{"line":9,"column":2},"end":{"line":11,"column":3}},{"start":{},"end":{}}]},"1":{"loc":{"start":{"line":23,"column":2},"end":{"line":26,"column":3}},"type":"if","locations":[{"start":{"line":23,"column":2},"end":{"line":26,"column":3}},{"start":{},"end":{}}]}},"s":{"0":0,"1":0,"2":0,"3":0,"4":0,"5":0,"6":0,"7":0,"8":0,"9":0,"10":0,"11":0,"12":0,"13":0,"14":0,"15":0,"16":0,"17":0},"f":{"0":0,"1":0},"b":{"0":[0,0],"1":[0,0]}}
,"/Users/hectorarrieta/gallery-manager-api/src/middleware/cors.ts": {"path":"/Users/hectorarrieta/gallery-manager-api/src/middleware/cors.ts","statementMap":{"0":{"start":{"line":1,"column":0},"end":{"line":1,"column":24}},"1":{"start":{"line":3,"column":20},"end":{"line":3,"column":78}},"2":{"start":{"line":5,"column":0},"end":{"line":5,"column":49}},"3":{"start":{"line":6,"column":0},"end":{"line":6,"column":80}},"4":{"start":{"line":8,"column":13},"end":{"line":11,"column":3}}},"fnMap":{},"branchMap":{"0":{"loc":{"start":{"line":3,"column":20},"end":{"line":3,"column":78}},"type":"binary-expr","locations":[{"start":{"line":3,"column":20},"end":{"line":3,"column":51}},{"start":{"line":3,"column":55},"end":{"line":3,"column":78}}]}},"s":{"0":0,"1":0,"2":0,"3":0,"4":0},"f":{},"b":{"0":[0,0]}}
,"/Users/hectorarrieta/gallery-manager-api/src/middleware/errorHandler.ts": {"path":"/Users/hectorarrieta/gallery-manager-api/src/middleware/errorHandler.ts","statementMap":{"0":{"start":{"line":6,"column":0},"end":{"line":6,"column":16}},"1":{"start":{"line":32,"column":0},"end":{"line":32,"column":16}},"2":{"start":{"line":2,"column":0},"end":{"line":2,"column":31}},"3":{"start":{"line":3,"column":0},"end":{"line":3,"column":55}},"4":{"start":{"line":4,"column":0},"end":{"line":4,"column":57}},"5":{"start":{"line":12,"column":2},"end":{"line":12,"column":32}},"6":{"start":{"line":14,"column":2},"end":{"line":20,"column":3}},"7":{"start":{"line":15,"column":21},"end":{"line":15,"column":79}},"8":{"start":{"line":15,"column":43},"end":{"line":15,"column":78}},"9":{"start":{"line":16,"column":4},"end":{"line":18,"column":6}},"10":{"start":{"line":19,"column":4},"end":{"line":19,"column":11}},"11":{"start":{"line":22,"column":2},"end":{"line":25,"column":3}},"12":{"start":{"line":23,"column":4},"end":{"line":23,"column":68}},"13":{"start":{"line":24,"column":4},"end":{"line":24,"column":11}},"14":{"start":{"line":27,"column":2},"end":{"line":29,"column":4}},"15":{"start":{"line":33,"column":2},"end":{"line":35,"column":4}}},"fnMap":{"0":{"name":"errorHandler","decl":{"start":{"line":6,"column":16},"end":{"line":6,"column":28}},"loc":{"start":{"line":10,"column":21},"end":{"line":30,"column":1}}},"1":{"name":"(anonymous_1)","decl":{"start":{"line":15,"column":36},"end":{"line":15,"column":37}},"loc":{"start":{"line":15,"column":43},"end":{"line":15,"column":78}}},"2":{"name":"notFoundHandler","decl":{"start":{"line":32,"column":16},"end":{"line":32,"column":31}},"loc":{"start":{"line":32,"column":79},"end":{"line":36,"column":1}}}},"branchMap":{"0":{"loc":{"start":{"line":14,"column":2},"end":{"line":20,"column":3}},"type":"if","locations":[{"start":{"line":14,"column":2},"end":{"line":20,"column":3}},{"start":{},"end":{}}]},"1":{"loc":{"start":{"line":22,"column":2},"end":{"line":25,"column":3}},"type":"if","locations":[{"start":{"line":22,"column":2},"end":{"line":25,"column":3}},{"start":{},"end":{}}]}},"s":{"0":0,"1":0,"2":0,"3":0,"4":0,"5":0,"6":0,"7":0,"8":0,"9":0,"10":0,"11":0,"12":0,"13":0,"14":0,"15":0},"f":{"0":0,"1":0,"2":0},"b":{"0":[0,0],"1":[0,0]}}
,"/Users/hectorarrieta/gallery-manager-api/src/routes/artworks.ts": {"path":"/Users/hectorarrieta/gallery-manager-api/src/routes/artworks.ts","statementMap":{"0":{"start":{"line":1,"column":0},"end":{"line":1,"column":33}},"1":{"start":{"line":2,"column":0},"end":{"line":2,"column":49}},"2":{"start":{"line":3,"column":0},"end":{"line":3,"column":61}},"3":{"start":{"line":4,"column":0},"end":{"line":4,"column":57}},"4":{"start":{"line":5,"column":0},"end":{"line":5,"column":44}},"5":{"start":{"line":7,"column":15},"end":{"line":7,"column":23}},"6":{"start":{"line":9,"column":0},"end":{"line":17,"column":3}},"7":{"start":{"line":10,"column":2},"end":{"line":16,"column":3}},"8":{"start":{"line":11,"column":17},"end":{"line":11,"column":52}},"9":{"start":{"line":12,"column":20},"end":{"line":12,"column":89}},"10":{"start":{"line":13,"column":4},"end":{"line":13,"column":31}},"11":{"start":{"line":15,"column":4},"end":{"line":15,"column":14}},"12":{"start":{"line":19,"column":0},"end":{"line":26,"column":3}},"13":{"start":{"line":20,"column":2},"end":{"line":25,"column":3}},"14":{"start":{"line":21,"column":19},"end":{"line":21,"column":82}},"15":{"start":{"line":22,"column":4},"end":{"line":22,"column":30}},"16":{"start":{"line":24,"column":4},"end":{"line":24,"column":14}},"17":{"start":{"line":28,"column":0},"end":{"line":28,"column":22}}},"fnMap":{"0":{"name":"(anonymous_9)","decl":{"start":{"line":9,"column":32},"end":{"line":9,"column":37}},"loc":{"start":{"line":9,"column":57},"end":{"line":17,"column":1}}},"1":{"name":"(anonymous_10)","decl":{"start":{"line":19,"column":35},"end":{"line":19,"column":40}},"loc":{"start":{"line":19,"column":60},"end":{"line":26,"column":1}}}},"branchMap":{},"s":{"0":0,"1":0,"2":0,"3":0,"4":0,"5":0,"6":0,"7":0,"8":0,"9":0,"10":0,"11":0,"12":0,"13":0,"14":0,"15":0,"16":0,"17":0},"f":{"0":0,"1":0},"b":{}}
,"/Users/hectorarrieta/gallery-manager-api/src/routes/auth.ts": {"path":"/Users/hectorarrieta/gallery-manager-api/src/routes/auth.ts","statementMap":{"0":{"start":{"line":1,"column":0},"end":{"line":1,"column":33}},"1":{"start":{"line":2,"column":0},"end":{"line":2,"column":49}},"2":{"start":{"line":3,"column":0},"end":{"line":3,"column":55}},"3":{"start":{"line":4,"column":0},"end":{"line":4,"column":60}},"4":{"start":{"line":5,"column":0},"end":{"line":5,"column":44}},"5":{"start":{"line":7,"column":15},"end":{"line":7,"column":23}},"6":{"start":{"line":9,"column":0},"end":{"line":17,"column":3}},"7":{"start":{"line":10,"column":2},"end":{"line":16,"column":3}},"8":{"start":{"line":11,"column":17},"end":{"line":11,"column":45}},"9":{"start":{"line":12,"column":19},"end":{"line":12,"column":49}},"10":{"start":{"line":13,"column":4},"end":{"line":13,"column":74}},"11":{"start":{"line":15,"column":4},"end":{"line":15,"column":14}},"12":{"start":{"line":19,"column":0},"end":{"line":27,"column":3}},"13":{"start":{"line":20,"column":2},"end":{"line":26,"column":3}},"14":{"start":{"line":21,"column":17},"end":{"line":21,"column":44}},"15":{"start":{"line":22,"column":19},"end":{"line":22,"column":48}},"16":{"start":{"line":23,"column":4},"end":{"line":23,"column":30}},"17":{"start":{"line":25,"column":4},"end":{"line":25,"column":14}},"18":{"start":{"line":29,"column":0},"end":{"line":31,"column":3}},"19":{"start":{"line":30,"column":2},"end":{"line":30,"column":30}},"20":{"start":{"line":33,"column":0},"end":{"line":35,"column":3}},"21":{"start":{"line":34,"column":2},"end":{"line":34,"column":47}},"22":{"start":{"line":37,"column":0},"end":{"line":37,"column":22}}},"fnMap":{"0":{"name":"(anonymous_9)","decl":{"start":{"line":9,"column":23},"end":{"line":9,"column":28}},"loc":{"start":{"line":9,"column":48},"end":{"line":17,"column":1}}},"1":{"name":"(anonymous_10)","decl":{"start":{"line":19,"column":22},"end":{"line":19,"column":27}},"loc":{"start":{"line":19,"column":47},"end":{"line":27,"column":1}}},"2":{"name":"(anonymous_11)","decl":{"start":{"line":29,"column":36},"end":{"line":29,"column":37}},"loc":{"start":{"line":29,"column":49},"end":{"line":31,"column":1}}},"3":{"name":"(anonymous_12)","decl":{"start":{"line":33,"column":23},"end":{"line":33,"column":24}},"loc":{"start":{"line":33,"column":37},"end":{"line":35,"column":1}}}},"branchMap":{},"s":{"0":0,"1":0,"2":0,"3":0,"4":0,"5":0,"6":0,"7":0,"8":0,"9":0,"10":0,"11":0,"12":0,"13":0,"14":0,"15":0,"16":0,"17":0,"18":0,"19":0,"20":0,"21":0,"22":0},"f":{"0":0,"1":0,"2":0,"3":0},"b":{}}
,"/Users/hectorarrieta/gallery-manager-api/src/routes/galleries.ts": {"path":"/Users/hectorarrieta/gallery-manager-api/src/routes/galleries.ts","statementMap":{"0":{"start":{"line":1,"column":0},"end":{"line":1,"column":33}},"1":{"start":{"line":2,"column":0},"end":{"line":2,"column":49}},"2":{"start":{"line":3,"column":0},"end":{"line":3,"column":61}},"3":{"start":{"line":4,"column":0},"end":{"line":4,"column":61}},"4":{"start":{"line":5,"column":0},"end":{"line":5,"column":57}},"5":{"start":{"line":6,"column":0},"end":{"line":6,"column":57}},"6":{"start":{"line":7,"column":0},"end":{"line":7,"column":44}},"7":{"start":{"line":8,"column":0},"end":{"line":8,"column":60}},"8":{"start":{"line":9,"column":0},"end":{"line":9,"column":60}},"9":{"start":{"line":11,"column":15},"end":{"line":11,"column":23}},"10":{"start":{"line":13,"column":0},"end":{"line":20,"column":3}},"11":{"start":{"line":14,"column":2},"end":{"line":19,"column":3}},"12":{"start":{"line":15,"column":20},"end":{"line":15,"column":69}},"13":{"start":{"line":16,"column":4},"end":{"line":16,"column":31}},"14":{"start":{"line":18,"column":4},"end":{"line":18,"column":14}},"15":{"start":{"line":22,"column":0},"end":{"line":30,"column":3}},"16":{"start":{"line":23,"column":2},"end":{"line":29,"column":3}},"17":{"start":{"line":24,"column":17},"end":{"line":24,"column":52}},"18":{"start":{"line":25,"column":20},"end":{"line":25,"column":89}},"19":{"start":{"line":26,"column":4},"end":{"line":26,"column":31}},"20":{"start":{"line":28,"column":4},"end":{"line":28,"column":14}},"21":{"start":{"line":32,"column":0},"end":{"line":39,"column":3}},"22":{"start":{"line":33,"column":2},"end":{"line":38,"column":3}},"23":{"start":{"line":34,"column":20},"end":{"line":34,"column":69}},"24":{"start":{"line":35,"column":4},"end":{"line":35,"column":31}},"25":{"start":{"line":37,"column":4},"end":{"line":37,"column":14}},"26":{"start":{"line":41,"column":0},"end":{"line":53,"column":3}},"27":{"start":{"line":42,"column":2},"end":{"line":52,"column":3}},"28":{"start":{"line":43,"column":26},"end":{"line":43,"column":36}},"29":{"start":{"line":44,"column":4},"end":{"line":44,"column":58}},"30":{"start":{"line":46,"column":43},"end":{"line":46,"column":75}},"31":{"start":{"line":47,"column":19},"end":{"line":47,"column":99}},"32":{"start":{"line":49,"column":4},"end":{"line":49,"column":30}},"33":{"start":{"line":51,"column":4},"end":{"line":51,"column":14}},"34":{"start":{"line":55,"column":0},"end":{"line":67,"column":3}},"35":{"start":{"line":56,"column":2},"end":{"line":66,"column":3}},"36":{"start":{"line":57,"column":26},"end":{"line":57,"column":36}},"37":{"start":{"line":58,"column":4},"end":{"line":58,"column":58}},"38":{"start":{"line":60,"column":17},"end":{"line":60,"column":52}},"39":{"start":{"line":61,"column":20},"end":{"line":61,"column":71}},"40":{"start":{"line":63,"column":4},"end":{"line":63,"column":43}},"41":{"start":{"line":65,"column":4},"end":{"line":65,"column":14}},"42":{"start":{"line":69,"column":0},"end":{"line":69,"column":22}}},"fnMap":{"0":{"name":"(anonymous_9)","decl":{"start":{"line":13,"column":29},"end":{"line":13,"column":34}},"loc":{"start":{"line":13,"column":54},"end":{"line":20,"column":1}}},"1":{"name":"(anonymous_10)","decl":{"start":{"line":22,"column":32},"end":{"line":22,"column":37}},"loc":{"start":{"line":22,"column":57},"end":{"line":30,"column":1}}},"2":{"name":"(anonymous_11)","decl":{"start":{"line":32,"column":41},"end":{"line":32,"column":46}},"loc":{"start":{"line":32,"column":66},"end":{"line":39,"column":1}}},"3":{"name":"(anonymous_12)","decl":{"start":{"line":41,"column":48},"end":{"line":41,"column":53}},"loc":{"start":{"line":41,"column":73},"end":{"line":53,"column":1}}},"4":{"name":"(anonymous_13)","decl":{"start":{"line":55,"column":49},"end":{"line":55,"column":54}},"loc":{"start":{"line":55,"column":74},"end":{"line":67,"column":1}}}},"branchMap":{},"s":{"0":0,"1":0,"2":0,"3":0,"4":0,"5":0,"6":0,"7":0,"8":0,"9":0,"10":0,"11":0,"12":0,"13":0,"14":0,"15":0,"16":0,"17":0,"18":0,"19":0,"20":0,"21":0,"22":0,"23":0,"24":0,"25":0,"26":0,"27":0,"28":0,"29":0,"30":0,"31":0,"32":0,"33":0,"34":0,"35":0,"36":0,"37":0,"38":0,"39":0,"40":0,"41":0,"42":0},"f":{"0":0,"1":0,"2":0,"3":0,"4":0},"b":{}}
,"/Users/hectorarrieta/gallery-manager-api/src/routes/public.ts": {"path":"/Users/hectorarrieta/gallery-manager-api/src/routes/public.ts","statementMap":{"0":{"start":{"line":1,"column":0},"end":{"line":1,"column":33}},"1":{"start":{"line":2,"column":0},"end":{"line":2,"column":61}},"2":{"start":{"line":3,"column":0},"end":{"line":3,"column":61}},"3":{"start":{"line":4,"column":0},"end":{"line":4,"column":44}},"4":{"start":{"line":5,"column":0},"end":{"line":5,"column":60}},"5":{"start":{"line":7,"column":15},"end":{"line":7,"column":23}},"6":{"start":{"line":9,"column":0},"end":{"line":16,"column":3}},"7":{"start":{"line":10,"column":2},"end":{"line":15,"column":3}},"8":{"start":{"line":11,"column":20},"end":{"line":11,"column":74}},"9":{"start":{"line":12,"column":4},"end":{"line":12,"column":31}},"10":{"start":{"line":14,"column":4},"end":{"line":14,"column":14}},"11":{"start":{"line":18,"column":0},"end":{"line":29,"column":3}},"12":{"start":{"line":19,"column":2},"end":{"line":28,"column":3}},"13":{"start":{"line":20,"column":20},"end":{"line":20,"column":74}},"14":{"start":{"line":22,"column":43},"end":{"line":22,"column":75}},"15":{"start":{"line":23,"column":19},"end":{"line":23,"column":100}},"16":{"start":{"line":25,"column":4},"end":{"line":25,"column":30}},"17":{"start":{"line":27,"column":4},"end":{"line":27,"column":14}},"18":{"start":{"line":31,"column":0},"end":{"line":31,"column":22}}},"fnMap":{"0":{"name":"(anonymous_9)","decl":{"start":{"line":9,"column":31},"end":{"line":9,"column":36}},"loc":{"start":{"line":9,"column":56},"end":{"line":16,"column":1}}},"1":{"name":"(anonymous_10)","decl":{"start":{"line":18,"column":40},"end":{"line":18,"column":45}},"loc":{"start":{"line":18,"column":65},"end":{"line":29,"column":1}}}},"branchMap":{},"s":{"0":0,"1":0,"2":0,"3":0,"4":0,"5":0,"6":0,"7":0,"8":0,"9":0,"10":0,"11":0,"12":0,"13":0,"14":0,"15":0,"16":0,"17":0,"18":0},"f":{"0":0,"1":0},"b":{}}
,"/Users/hectorarrieta/gallery-manager-api/src/routes/upload.ts": {"path":"/Users/hectorarrieta/gallery-manager-api/src/routes/upload.ts","statementMap":{"0":{"start":{"line":1,"column":0},"end":{"line":1,"column":66}},"1":{"start":{"line":2,"column":0},"end":{"line":2,"column":45}},"2":{"start":{"line":3,"column":0},"end":{"line":3,"column":49}},"3":{"start":{"line":4,"column":0},"end":{"line":4,"column":59}},"4":{"start":{"line":5,"column":0},"end":{"line":5,"column":58}},"5":{"start":{"line":6,"column":0},"end":{"line":6,"column":44}},"6":{"start":{"line":8,"column":15},"end":{"line":8,"column":23}},"7":{"start":{"line":10,"column":22},"end":{"line":10,"column":38}},"8":{"start":{"line":12,"column":25},"end":{"line":15,"column":17}},"9":{"start":{"line":18,"column":2},"end":{"line":31,"column":5}},"10":{"start":{"line":19,"column":4},"end":{"line":22,"column":5}},"11":{"start":{"line":20,"column":6},"end":{"line":20,"column":47}},"12":{"start":{"line":21,"column":6},"end":{"line":21,"column":13}},"13":{"start":{"line":24,"column":4},"end":{"line":28,"column":5}},"14":{"start":{"line":25,"column":22},"end":{"line":25,"column":75}},"15":{"start":{"line":26,"column":6},"end":{"line":26,"column":63}},"16":{"start":{"line":27,"column":6},"end":{"line":27,"column":13}},"17":{"start":{"line":30,"column":4},"end":{"line":30,"column":11}},"18":{"start":{"line":34,"column":0},"end":{"line":42,"column":3}},"19":{"start":{"line":35,"column":2},"end":{"line":41,"column":3}},"20":{"start":{"line":36,"column":26},"end":{"line":36,"column":60}},"21":{"start":{"line":37,"column":19},"end":{"line":37,"column":85}},"22":{"start":{"line":38,"column":4},"end":{"line":38,"column":30}},"23":{"start":{"line":40,"column":4},"end":{"line":40,"column":14}},"24":{"start":{"line":44,"column":0},"end":{"line":44,"column":22}}},"fnMap":{"0":{"name":"parseFile","decl":{"start":{"line":17,"column":9},"end":{"line":17,"column":18}},"loc":{"start":{"line":17,"column":66},"end":{"line":32,"column":1}}},"1":{"name":"(anonymous_10)","decl":{"start":{"line":18,"column":29},"end":{"line":18,"column":30}},"loc":{"start":{"line":18,"column":46},"end":{"line":31,"column":3}}},"2":{"name":"(anonymous_11)","decl":{"start":{"line":34,"column":47},"end":{"line":34,"column":52}},"loc":{"start":{"line":34,"column":72},"end":{"line":42,"column":1}}}},"branchMap":{"0":{"loc":{"start":{"line":19,"column":4},"end":{"line":22,"column":5}},"type":"if","locations":[{"start":{"line":19,"column":4},"end":{"line":22,"column":5}},{"start":{},"end":{}}]},"1":{"loc":{"start":{"line":19,"column":8},"end":{"line":19,"column":68}},"type":"binary-expr","locations":[{"start":{"line":19,"column":8},"end":{"line":19,"column":34}},{"start":{"line":19,"column":38},"end":{"line":19,"column":68}}]},"2":{"loc":{"start":{"line":24,"column":4},"end":{"line":28,"column":5}},"type":"if","locations":[{"start":{"line":24,"column":4},"end":{"line":28,"column":5}},{"start":{},"end":{}}]},"3":{"loc":{"start":{"line":25,"column":22},"end":{"line":25,"column":75}},"type":"cond-expr","locations":[{"start":{"line":25,"column":45},"end":{"line":25,"column":56}},{"start":{"line":25,"column":59},"end":{"line":25,"column":75}}]}},"s":{"0":0,"1":0,"2":0,"3":0,"4":0,"5":0,"6":0,"7":0,"8":0,"9":0,"10":0,"11":0,"12":0,"13":0,"14":0,"15":0,"16":0,"17":0,"18":0,"19":0,"20":0,"21":0,"22":0,"23":0,"24":0},"f":{"0":0,"1":0,"2":0},"b":{"0":[0,0],"1":[0,0],"2":[0,0],"3":[0,0]}}
,"/Users/hectorarrieta/gallery-manager-api/src/schemas/artwork.ts": {"path":"/Users/hectorarrieta/gallery-manager-api/src/schemas/artwork.ts","statementMap":{"0":{"start":{"line":1,"column":0},"end":{"line":1,"column":24}},"1":{"start":{"line":5,"column":13},"end":{"line":12,"column":3}},"2":{"start":{"line":14,"column":13},"end":{"line":14,"column":65}}},"fnMap":{},"branchMap":{},"s":{"0":0,"1":0,"2":0},"f":{},"b":{}}
,"/Users/hectorarrieta/gallery-manager-api/src/schemas/auth.ts": {"path":"/Users/hectorarrieta/gallery-manager-api/src/schemas/auth.ts","statementMap":{"0":{"start":{"line":1,"column":0},"end":{"line":1,"column":24}},"1":{"start":{"line":3,"column":13},"end":{"line":8,"column":3}},"2":{"start":{"line":10,"column":13},"end":{"line":13,"column":3}}},"fnMap":{},"branchMap":{},"s":{"0":0,"1":0,"2":0},"f":{},"b":{}}
,"/Users/hectorarrieta/gallery-manager-api/src/schemas/gallery.ts": {"path":"/Users/hectorarrieta/gallery-manager-api/src/schemas/gallery.ts","statementMap":{"0":{"start":{"line":1,"column":0},"end":{"line":1,"column":24}},"1":{"start":{"line":3,"column":13},"end":{"line":8,"column":3}}},"fnMap":{},"branchMap":{},"s":{"0":0,"1":0},"f":{},"b":{}}
,"/Users/hectorarrieta/gallery-manager-api/src/services/artworkService.ts": {"path":"/Users/hectorarrieta/gallery-manager-api/src/services/artworkService.ts","statementMap":{"0":{"start":{"line":22,"column":0},"end":{"line":22,"column":7}},"1":{"start":{"line":54,"column":0},"end":{"line":54,"column":7}},"2":{"start":{"line":82,"column":0},"end":{"line":82,"column":7}},"3":{"start":{"line":104,"column":0},"end":{"line":104,"column":7}},"4":{"start":{"line":2,"column":0},"end":{"line":2,"column":34}},"5":{"start":{"line":3,"column":0},"end":{"line":3,"column":58}},"6":{"start":{"line":4,"column":0},"end":{"line":4,"column":48}},"7":{"start":{"line":8,"column":24},"end":{"line":8,"column":72}},"8":{"start":{"line":11,"column":20},"end":{"line":11,"column":44}},"9":{"start":{"line":15,"column":2},"end":{"line":15,"column":64}},"10":{"start":{"line":19,"column":2},"end":{"line":19,"column":60}},"11":{"start":{"line":29,"column":2},"end":{"line":33,"column":3}},"12":{"start":{"line":30,"column":4},"end":{"line":32,"column":7}},"13":{"start":{"line":35,"column":2},"end":{"line":39,"column":3}},"14":{"start":{"line":36,"column":4},"end":{"line":38,"column":7}},"15":{"start":{"line":41,"column":15},"end":{"line":41,"column":33}},"16":{"start":{"line":42,"column":58},"end":{"line":42,"column":77}},"17":{"start":{"line":44,"column":28},"end":{"line":47,"column":4}},"18":{"start":{"line":49,"column":16},"end":{"line":49,"column":40}},"19":{"start":{"line":51,"column":2},"end":{"line":51,"column":94}},"20":{"start":{"line":51,"column":47},"end":{"line":51,"column":70}},"21":{"start":{"line":58,"column":17},"end":{"line":62,"column":4}},"22":{"start":{"line":64,"column":19},"end":{"line":64,"column":46}},"23":{"start":{"line":66,"column":18},"end":{"line":77,"column":4}},"24":{"start":{"line":79,"column":2},"end":{"line":79,"column":33}},"25":{"start":{"line":87,"column":18},"end":{"line":87,"column":79}},"26":{"start":{"line":89,"column":2},"end":{"line":91,"column":3}},"27":{"start":{"line":90,"column":4},"end":{"line":90,"column":48}},"28":{"start":{"line":93,"column":18},"end":{"line":93,"column":87}},"29":{"start":{"line":95,"column":2},"end":{"line":97,"column":3}},"30":{"start":{"line":96,"column":4},"end":{"line":96,"column":106}},"31":{"start":{"line":99,"column":18},"end":{"line":99,"column":81}},"32":{"start":{"line":101,"column":2},"end":{"line":101,"column":33}},"33":{"start":{"line":108,"column":18},"end":{"line":108,"column":79}},"34":{"start":{"line":110,"column":2},"end":{"line":112,"column":3}},"35":{"start":{"line":111,"column":4},"end":{"line":111,"column":48}},"36":{"start":{"line":114,"column":18},"end":{"line":114,"column":87}},"37":{"start":{"line":116,"column":2},"end":{"line":118,"column":3}},"38":{"start":{"line":117,"column":4},"end":{"line":117,"column":106}},"39":{"start":{"line":120,"column":2},"end":{"line":133,"column":5}},"40":{"start":{"line":121,"column":4},"end":{"line":121,"column":58}},"41":{"start":{"line":123,"column":22},"end":{"line":126,"column":6}},"42":{"start":{"line":128,"column":4},"end":{"line":132,"column":6}},"43":{"start":{"line":130,"column":8},"end":{"line":130,"column":84}},"44":{"start":{"line":135,"column":2},"end":{"line":135,"column":40}}},"fnMap":{"0":{"name":"isSortableField","decl":{"start":{"line":14,"column":9},"end":{"line":14,"column":24}},"loc":{"start":{"line":14,"column":38},"end":{"line":16,"column":1}}},"1":{"name":"isSortOrder","decl":{"start":{"line":18,"column":9},"end":{"line":18,"column":20}},"loc":{"start":{"line":18,"column":34},"end":{"line":20,"column":1}}},"2":{"name":"getArtworksByGallery","decl":{"start":{"line":22,"column":22},"end":{"line":22,"column":42}},"loc":{"start":{"line":27,"column":16},"end":{"line":52,"column":1}}},"3":{"name":"(anonymous_4)","decl":{"start":{"line":51,"column":34},"end":{"line":51,"column":35}},"loc":{"start":{"line":51,"column":47},"end":{"line":51,"column":70}}},"4":{"name":"createArtwork","decl":{"start":{"line":54,"column":22},"end":{"line":54,"column":35}},"loc":{"start":{"line":56,"column":26},"end":{"line":80,"column":1}}},"5":{"name":"updateArtwork","decl":{"start":{"line":82,"column":22},"end":{"line":82,"column":35}},"loc":{"start":{"line":85,"column":26},"end":{"line":102,"column":1}}},"6":{"name":"deleteArtwork","decl":{"start":{"line":104,"column":22},"end":{"line":104,"column":35}},"loc":{"start":{"line":106,"column":19},"end":{"line":136,"column":1}}},"7":{"name":"(anonymous_8)","decl":{"start":{"line":120,"column":28},"end":{"line":120,"column":33}},"loc":{"start":{"line":120,"column":41},"end":{"line":133,"column":3}}},"8":{"name":"(anonymous_9)","decl":{"start":{"line":129,"column":20},"end":{"line":129,"column":21}},"loc":{"start":{"line":130,"column":8},"end":{"line":130,"column":84}}}},"branchMap":{"0":{"loc":{"start":{"line":24,"column":2},"end":{"line":24,"column":10}},"type":"default-arg","locations":[{"start":{"line":24,"column":9},"end":{"line":24,"column":10}}]},"1":{"loc":{"start":{"line":25,"column":2},"end":{"line":25,"column":12}},"type":"default-arg","locations":[{"start":{"line":25,"column":10},"end":{"line":25,"column":12}}]},"2":{"loc":{"start":{"line":26,"column":2},"end":{"line":26,"column":22}},"type":"default-arg","locations":[{"start":{"line":26,"column":11},"end":{"line":26,"column":22}}]},"3":{"loc":{"start":{"line":27,"column":2},"end":{"line":27,"column":16}},"type":"default-arg","locations":[{"start":{"line":27,"column":10},"end":{"line":27,"column":16}}]},"4":{"loc":{"start":{"line":29,"column":2},"end":{"line":33,"column":3}},"type":"if","locations":[{"start":{"line":29,"column":2},"end":{"line":33,"column":3}},{"start":{},"end":{}}]},"5":{"loc":{"start":{"line":35,"column":2},"end":{"line":39,"column":3}},"type":"if","locations":[{"start":{"line":35,"column":2},"end":{"line":39,"column":3}},{"start":{},"end":{}}]},"6":{"loc":{"start":{"line":64,"column":20},"end":{"line":64,"column":41}},"type":"binary-expr","locations":[{"start":{"line":64,"column":20},"end":{"line":64,"column":36}},{"start":{"line":64,"column":40},"end":{"line":64,"column":41}}]},"7":{"loc":{"start":{"line":89,"column":2},"end":{"line":91,"column":3}},"type":"if","locations":[{"start":{"line":89,"column":2},"end":{"line":91,"column":3}},{"start":{},"end":{}}]},"8":{"loc":{"start":{"line":95,"column":2},"end":{"line":97,"column":3}},"type":"if","locations":[{"start":{"line":95,"column":2},"end":{"line":97,"column":3}},{"start":{},"end":{}}]},"9":{"loc":{"start":{"line":95,"column":6},"end":{"line":95,"column":43}},"type":"binary-expr","locations":[{"start":{"line":95,"column":6},"end":{"line":95,"column":14}},{"start":{"line":95,"column":18},"end":{"line":95,"column":43}}]},"10":{"loc":{"start":{"line":110,"column":2},"end":{"line":112,"column":3}},"type":"if","locations":[{"start":{"line":110,"column":2},"end":{"line":112,"column":3}},{"start":{},"end":{}}]},"11":{"loc":{"start":{"line":116,"column":2},"end":{"line":118,"column":3}},"type":"if","locations":[{"start":{"line":116,"column":2},"end":{"line":118,"column":3}},{"start":{},"end":{}}]},"12":{"loc":{"start":{"line":116,"column":6},"end":{"line":116,"column":43}},"type":"binary-expr","locations":[{"start":{"line":116,"column":6},"end":{"line":116,"column":14}},{"start":{"line":116,"column":18},"end":{"line":116,"column":43}}]}},"s":{"0":0,"1":0,"2":0,"3":0,"4":0,"5":0,"6":0,"7":0,"8":0,"9":0,"10":0,"11":0,"12":0,"13":0,"14":0,"15":0,"16":0,"17":0,"18":0,"19":0,"20":0,"21":0,"22":0,"23":0,"24":0,"25":0,"26":0,"27":0,"28":0,"29":0,"30":0,"31":0,"32":0,"33":0,"34":0,"35":0,"36":0,"37":0,"38":0,"39":0,"40":0,"41":0,"42":0,"43":0,"44":0},"f":{"0":0,"1":0,"2":0,"3":0,"4":0,"5":0,"6":0,"7":0,"8":0},"b":{"0":[0],"1":[0],"2":[0],"3":[0],"4":[0,0],"5":[0,0],"6":[0,0],"7":[0,0],"8":[0,0],"9":[0,0],"10":[0,0],"11":[0,0],"12":[0,0]}}
,"/Users/hectorarrieta/gallery-manager-api/src/services/authService.ts": {"path":"/Users/hectorarrieta/gallery-manager-api/src/services/authService.ts","statementMap":{"0":{"start":{"line":13,"column":0},"end":{"line":13,"column":16}},"1":{"start":{"line":17,"column":0},"end":{"line":17,"column":7}},"2":{"start":{"line":21,"column":0},"end":{"line":21,"column":16}},"3":{"start":{"line":50,"column":0},"end":{"line":50,"column":7}},"4":{"start":{"line":84,"column":0},"end":{"line":84,"column":7}},"5":{"start":{"line":1,"column":0},"end":{"line":1,"column":30}},"6":{"start":{"line":2,"column":0},"end":{"line":2,"column":31}},"7":{"start":{"line":3,"column":0},"end":{"line":3,"column":42}},"8":{"start":{"line":4,"column":0},"end":{"line":4,"column":34}},"9":{"start":{"line":5,"column":0},"end":{"line":5,"column":58}},"10":{"start":{"line":6,"column":0},"end":{"line":6,"column":42}},"11":{"start":{"line":10,"column":19},"end":{"line":10,"column":41}},"12":{"start":{"line":11,"column":20},"end":{"line":11,"column":22}},"13":{"start":{"line":14,"column":2},"end":{"line":14,"column":44}},"14":{"start":{"line":18,"column":2},"end":{"line":18,"column":40}},"15":{"start":{"line":22,"column":2},"end":{"line":24,"column":3}},"16":{"start":{"line":23,"column":4},"end":{"line":23,"column":90}},"17":{"start":{"line":26,"column":2},"end":{"line":26,"column":81}},"18":{"start":{"line":30,"column":2},"end":{"line":36,"column":29}},"19":{"start":{"line":40,"column":15},"end":{"line":40,"column":38}},"20":{"start":{"line":41,"column":13},"end":{"line":41,"column":17}},"21":{"start":{"line":43,"column":2},"end":{"line":45,"column":3}},"22":{"start":{"line":44,"column":4},"end":{"line":44,"column":55}},"23":{"start":{"line":47,"column":2},"end":{"line":47,"column":14}},"24":{"start":{"line":51,"column":19},"end":{"line":51,"column":82}},"25":{"start":{"line":52,"column":2},"end":{"line":54,"column":3}},"26":{"start":{"line":53,"column":4},"end":{"line":53,"column":96}},"27":{"start":{"line":56,"column":15},"end":{"line":56,"column":54}},"28":{"start":{"line":57,"column":23},"end":{"line":57,"column":57}},"29":{"start":{"line":58,"column":15},"end":{"line":58,"column":45}},"30":{"start":{"line":60,"column":15},"end":{"line":68,"column":4}},"31":{"start":{"line":70,"column":18},"end":{"line":76,"column":4}},"32":{"start":{"line":78,"column":2},"end":{"line":81,"column":4}},"33":{"start":{"line":85,"column":15},"end":{"line":88,"column":4}},"34":{"start":{"line":90,"column":2},"end":{"line":92,"column":3}},"35":{"start":{"line":91,"column":4},"end":{"line":91,"column":50}},"36":{"start":{"line":94,"column":18},"end":{"line":94,"column":75}},"37":{"start":{"line":95,"column":2},"end":{"line":97,"column":3}},"38":{"start":{"line":96,"column":4},"end":{"line":96,"column":50}},"39":{"start":{"line":99,"column":18},"end":{"line":99,"column":35}},"40":{"start":{"line":100,"column":2},"end":{"line":102,"column":3}},"41":{"start":{"line":101,"column":4},"end":{"line":101,"column":87}},"42":{"start":{"line":104,"column":22},"end":{"line":104,"column":67}},"43":{"start":{"line":106,"column":2},"end":{"line":110,"column":4}}},"fnMap":{"0":{"name":"hashPassword","decl":{"start":{"line":13,"column":16},"end":{"line":13,"column":28}},"loc":{"start":{"line":13,"column":45},"end":{"line":15,"column":1}}},"1":{"name":"validatePassword","decl":{"start":{"line":17,"column":22},"end":{"line":17,"column":38}},"loc":{"start":{"line":17,"column":69},"end":{"line":19,"column":1}}},"2":{"name":"generateToken","decl":{"start":{"line":21,"column":16},"end":{"line":21,"column":29}},"loc":{"start":{"line":21,"column":73},"end":{"line":27,"column":1}}},"3":{"name":"slugify","decl":{"start":{"line":29,"column":9},"end":{"line":29,"column":16}},"loc":{"start":{"line":29,"column":29},"end":{"line":37,"column":1}}},"4":{"name":"generateUniqueSlug","decl":{"start":{"line":39,"column":15},"end":{"line":39,"column":33}},"loc":{"start":{"line":39,"column":46},"end":{"line":48,"column":1}}},"5":{"name":"signUp","decl":{"start":{"line":50,"column":22},"end":{"line":50,"column":28}},"loc":{"start":{"line":50,"column":47},"end":{"line":82,"column":1}}},"6":{"name":"login","decl":{"start":{"line":84,"column":22},"end":{"line":84,"column":27}},"loc":{"start":{"line":84,"column":45},"end":{"line":111,"column":1}}}},"branchMap":{"0":{"loc":{"start":{"line":22,"column":2},"end":{"line":24,"column":3}},"type":"if","locations":[{"start":{"line":22,"column":2},"end":{"line":24,"column":3}},{"start":{},"end":{}}]},"1":{"loc":{"start":{"line":40,"column":15},"end":{"line":40,"column":38}},"type":"binary-expr","locations":[{"start":{"line":40,"column":15},"end":{"line":40,"column":28}},{"start":{"line":40,"column":32},"end":{"line":40,"column":38}}]},"2":{"loc":{"start":{"line":52,"column":2},"end":{"line":54,"column":3}},"type":"if","locations":[{"start":{"line":52,"column":2},"end":{"line":54,"column":3}},{"start":{},"end":{}}]},"3":{"loc":{"start":{"line":56,"column":15},"end":{"line":56,"column":54}},"type":"binary-expr","locations":[{"start":{"line":56,"column":15},"end":{"line":56,"column":25}},{"start":{"line":56,"column":29},"end":{"line":56,"column":54}}]},"4":{"loc":{"start":{"line":66,"column":12},"end":{"line":66,"column":38}},"type":"binary-expr","locations":[{"start":{"line":66,"column":12},"end":{"line":66,"column":22}},{"start":{"line":66,"column":26},"end":{"line":66,"column":38}}]},"5":{"loc":{"start":{"line":90,"column":2},"end":{"line":92,"column":3}},"type":"if","locations":[{"start":{"line":90,"column":2},"end":{"line":92,"column":3}},{"start":{},"end":{}}]},"6":{"loc":{"start":{"line":90,"column":6},"end":{"line":90,"column":33}},"type":"binary-expr","locations":[{"start":{"line":90,"column":6},"end":{"line":90,"column":11}},{"start":{"line":90,"column":15},"end":{"line":90,"column":33}}]},"7":{"loc":{"start":{"line":95,"column":2},"end":{"line":97,"column":3}},"type":"if","locations":[{"start":{"line":95,"column":2},"end":{"line":97,"column":3}},{"start":{},"end":{}}]},"8":{"loc":{"start":{"line":100,"column":2},"end":{"line":102,"column":3}},"type":"if","locations":[{"start":{"line":100,"column":2},"end":{"line":102,"column":3}},{"start":{},"end":{}}]}},"s":{"0":2,"1":2,"2":2,"3":2,"4":2,"5":2,"6":2,"7":2,"8":2,"9":2,"10":2,"11":2,"12":2,"13":7,"14":5,"15":4,"16":1,"17":3,"18":6,"19":6,"20":6,"21":6,"22":1,"23":6,"24":7,"25":7,"26":1,"27":6,"28":6,"29":6,"30":6,"31":6,"32":6,"33":6,"34":6,"35":2,"36":4,"37":4,"38":1,"39":3,"40":3,"41":1,"42":2,"43":2},"f":{"0":7,"1":5,"2":4,"3":6,"4":6,"5":7,"6":6},"b":{"0":[1,3],"1":[6,1],"2":[1,6],"3":[6,1],"4":[6,5],"5":[2,4],"6":[6,5],"7":[1,3],"8":[1,2]}}
,"/Users/hectorarrieta/gallery-manager-api/src/services/galleryService.ts": {"path":"/Users/hectorarrieta/gallery-manager-api/src/services/galleryService.ts","statementMap":{"0":{"start":{"line":6,"column":0},"end":{"line":6,"column":7}},"1":{"start":{"line":16,"column":0},"end":{"line":16,"column":7}},"2":{"start":{"line":39,"column":0},"end":{"line":39,"column":7}},"3":{"start":{"line":1,"column":0},"end":{"line":1,"column":34}},"4":{"start":{"line":2,"column":0},"end":{"line":2,"column":58}},"5":{"start":{"line":3,"column":0},"end":{"line":3,"column":48}},"6":{"start":{"line":7,"column":18},"end":{"line":7,"column":72}},"7":{"start":{"line":9,"column":2},"end":{"line":11,"column":3}},"8":{"start":{"line":10,"column":4},"end":{"line":10,"column":48}},"9":{"start":{"line":13,"column":2},"end":{"line":13,"column":33}},"10":{"start":{"line":21,"column":18},"end":{"line":21,"column":79}},"11":{"start":{"line":23,"column":2},"end":{"line":25,"column":3}},"12":{"start":{"line":24,"column":4},"end":{"line":24,"column":48}},"13":{"start":{"line":27,"column":2},"end":{"line":29,"column":3}},"14":{"start":{"line":28,"column":4},"end":{"line":28,"column":106}},"15":{"start":{"line":31,"column":18},"end":{"line":34,"column":4}},"16":{"start":{"line":36,"column":2},"end":{"line":36,"column":33}},"17":{"start":{"line":40,"column":15},"end":{"line":40,"column":64}},"18":{"start":{"line":42,"column":2},"end":{"line":44,"column":3}},"19":{"start":{"line":43,"column":4},"end":{"line":43,"column":48}},"20":{"start":{"line":46,"column":18},"end":{"line":46,"column":81}},"21":{"start":{"line":48,"column":2},"end":{"line":50,"column":3}},"22":{"start":{"line":49,"column":4},"end":{"line":49,"column":48}},"23":{"start":{"line":52,"column":2},"end":{"line":52,"column":33}}},"fnMap":{"0":{"name":"getUserGallery","decl":{"start":{"line":6,"column":22},"end":{"line":6,"column":36}},"loc":{"start":{"line":6,"column":51},"end":{"line":14,"column":1}}},"1":{"name":"updateGallery","decl":{"start":{"line":16,"column":22},"end":{"line":16,"column":35}},"loc":{"start":{"line":19,"column":26},"end":{"line":37,"column":1}}},"2":{"name":"getGalleryBySlug","decl":{"start":{"line":39,"column":22},"end":{"line":39,"column":38}},"loc":{"start":{"line":39,"column":51},"end":{"line":53,"column":1}}}},"branchMap":{"0":{"loc":{"start":{"line":9,"column":2},"end":{"line":11,"column":3}},"type":"if","locations":[{"start":{"line":9,"column":2},"end":{"line":11,"column":3}},{"start":{},"end":{}}]},"1":{"loc":{"start":{"line":23,"column":2},"end":{"line":25,"column":3}},"type":"if","locations":[{"start":{"line":23,"column":2},"end":{"line":25,"column":3}},{"start":{},"end":{}}]},"2":{"loc":{"start":{"line":27,"column":2},"end":{"line":29,"column":3}},"type":"if","locations":[{"start":{"line":27,"column":2},"end":{"line":29,"column":3}},{"start":{},"end":{}}]},"3":{"loc":{"start":{"line":42,"column":2},"end":{"line":44,"column":3}},"type":"if","locations":[{"start":{"line":42,"column":2},"end":{"line":44,"column":3}},{"start":{},"end":{}}]},"4":{"loc":{"start":{"line":48,"column":2},"end":{"line":50,"column":3}},"type":"if","locations":[{"start":{"line":48,"column":2},"end":{"line":50,"column":3}},{"start":{},"end":{}}]},"5":{"loc":{"start":{"line":48,"column":6},"end":{"line":48,"column":35}},"type":"binary-expr","locations":[{"start":{"line":48,"column":6},"end":{"line":48,"column":14}},{"start":{"line":48,"column":18},"end":{"line":48,"column":35}}]}},"s":{"0":0,"1":0,"2":0,"3":0,"4":0,"5":0,"6":0,"7":0,"8":0,"9":0,"10":0,"11":0,"12":0,"13":0,"14":0,"15":0,"16":0,"17":0,"18":0,"19":0,"20":0,"21":0,"22":0,"23":0},"f":{"0":0,"1":0,"2":0},"b":{"0":[0,0],"1":[0,0],"2":[0,0],"3":[0,0],"4":[0,0],"5":[0,0]}}
,"/Users/hectorarrieta/gallery-manager-api/src/services/uploadService.ts": {"path":"/Users/hectorarrieta/gallery-manager-api/src/services/uploadService.ts","statementMap":{"0":{"start":{"line":18,"column":0},"end":{"line":18,"column":7}},"1":{"start":{"line":1,"column":0},"end":{"line":1,"column":36}},"2":{"start":{"line":2,"column":0},"end":{"line":2,"column":51}},"3":{"start":{"line":3,"column":0},"end":{"line":3,"column":60}},"4":{"start":{"line":4,"column":0},"end":{"line":4,"column":58}},"5":{"start":{"line":7,"column":22},"end":{"line":7,"column":38}},"6":{"start":{"line":8,"column":15},"end":{"line":8,"column":25}},"7":{"start":{"line":10,"column":52},"end":{"line":16,"column":2}},"8":{"start":{"line":23,"column":2},"end":{"line":25,"column":3}},"9":{"start":{"line":24,"column":4},"end":{"line":24,"column":38}},"10":{"start":{"line":27,"column":14},"end":{"line":27,"column":48}},"11":{"start":{"line":28,"column":2},"end":{"line":32,"column":3}},"12":{"start":{"line":29,"column":4},"end":{"line":31,"column":7}},"13":{"start":{"line":34,"column":2},"end":{"line":36,"column":3}},"14":{"start":{"line":35,"column":4},"end":{"line":35,"column":45}},"15":{"start":{"line":38,"column":2},"end":{"line":40,"column":3}},"16":{"start":{"line":39,"column":4},"end":{"line":39,"column":49}},"17":{"start":{"line":42,"column":2},"end":{"line":42,"column":50}},"18":{"start":{"line":44,"column":19},"end":{"line":44,"column":39}},"19":{"start":{"line":45,"column":15},"end":{"line":45,"column":41}},"20":{"start":{"line":47,"column":19},"end":{"line":47,"column":38}},"21":{"start":{"line":48,"column":20},"end":{"line":51,"column":4}},"22":{"start":{"line":53,"column":2},"end":{"line":55,"column":3}},"23":{"start":{"line":54,"column":4},"end":{"line":54,"column":72}},"24":{"start":{"line":57,"column":34},"end":{"line":57,"column":82}},"25":{"start":{"line":59,"column":2},"end":{"line":59,"column":42}}},"fnMap":{"0":{"name":"uploadImage","decl":{"start":{"line":18,"column":22},"end":{"line":18,"column":33}},"loc":{"start":{"line":21,"column":39},"end":{"line":60,"column":1}}}},"branchMap":{"0":{"loc":{"start":{"line":23,"column":2},"end":{"line":25,"column":3}},"type":"if","locations":[{"start":{"line":23,"column":2},"end":{"line":25,"column":3}},{"start":{},"end":{}}]},"1":{"loc":{"start":{"line":28,"column":2},"end":{"line":32,"column":3}},"type":"if","locations":[{"start":{"line":28,"column":2},"end":{"line":32,"column":3}},{"start":{},"end":{}}]},"2":{"loc":{"start":{"line":34,"column":2},"end":{"line":36,"column":3}},"type":"if","locations":[{"start":{"line":34,"column":2},"end":{"line":36,"column":3}},{"start":{},"end":{}}]},"3":{"loc":{"start":{"line":38,"column":2},"end":{"line":40,"column":3}},"type":"if","locations":[{"start":{"line":38,"column":2},"end":{"line":40,"column":3}},{"start":{},"end":{}}]},"4":{"loc":{"start":{"line":53,"column":2},"end":{"line":55,"column":3}},"type":"if","locations":[{"start":{"line":53,"column":2},"end":{"line":55,"column":3}},{"start":{},"end":{}}]}},"s":{"0":1,"1":1,"2":1,"3":1,"4":1,"5":1,"6":1,"7":1,"8":14,"9":1,"10":13,"11":13,"12":2,"13":11,"14":2,"15":9,"16":1,"17":8,"18":6,"19":6,"20":6,"21":6,"22":6,"23":1,"24":5,"25":5},"f":{"0":14},"b":{"0":[1,13],"1":[2,11],"2":[2,9],"3":[1,8],"4":[1,5]}}
,"/Users/hectorarrieta/gallery-manager-api/src/utils/ownership.ts": {"path":"/Users/hectorarrieta/gallery-manager-api/src/utils/ownership.ts","statementMap":{"0":{"start":{"line":4,"column":0},"end":{"line":4,"column":7}},"1":{"start":{"line":1,"column":0},"end":{"line":1,"column":34}},"2":{"start":{"line":2,"column":0},"end":{"line":2,"column":58}},"3":{"start":{"line":5,"column":18},"end":{"line":5,"column":79}},"4":{"start":{"line":7,"column":2},"end":{"line":9,"column":3}},"5":{"start":{"line":8,"column":4},"end":{"line":8,"column":48}},"6":{"start":{"line":11,"column":2},"end":{"line":13,"column":3}},"7":{"start":{"line":12,"column":4},"end":{"line":12,"column":106}},"8":{"start":{"line":15,"column":2},"end":{"line":15,"column":17}}},"fnMap":{"0":{"name":"assertGalleryOwnership","decl":{"start":{"line":4,"column":22},"end":{"line":4,"column":44}},"loc":{"start":{"line":4,"column":78},"end":{"line":16,"column":1}}}},"branchMap":{"0":{"loc":{"start":{"line":7,"column":2},"end":{"line":9,"column":3}},"type":"if","locations":[{"start":{"line":7,"column":2},"end":{"line":9,"column":3}},{"start":{},"end":{}}]},"1":{"loc":{"start":{"line":11,"column":2},"end":{"line":13,"column":3}},"type":"if","locations":[{"start":{"line":11,"column":2},"end":{"line":13,"column":3}},{"start":{},"end":{}}]}},"s":{"0":0,"1":0,"2":0,"3":0,"4":0,"5":0,"6":0,"7":0,"8":0},"f":{"0":0},"b":{"0":[0,0],"1":[0,0]}}
,"/Users/hectorarrieta/gallery-manager-api/src/utils/pagination.ts": {"path":"/Users/hectorarrieta/gallery-manager-api/src/utils/pagination.ts","statementMap":{"0":{"start":{"line":13,"column":0},"end":{"line":13,"column":16}},"1":{"start":{"line":9,"column":17},"end":{"line":9,"column":70}},"2":{"start":{"line":10,"column":2},"end":{"line":10,"column":67}},"3":{"start":{"line":14,"column":2},"end":{"line":19,"column":4}}},"fnMap":{"0":{"name":"parsePositiveInt","decl":{"start":{"line":8,"column":9},"end":{"line":8,"column":25}},"loc":{"start":{"line":8,"column":58},"end":{"line":11,"column":1}}},"1":{"name":"parsePaginationParams","decl":{"start":{"line":13,"column":16},"end":{"line":13,"column":37}},"loc":{"start":{"line":13,"column":68},"end":{"line":20,"column":1}}}},"branchMap":{"0":{"loc":{"start":{"line":9,"column":17},"end":{"line":9,"column":70}},"type":"cond-expr","locations":[{"start":{"line":9,"column":45},"end":{"line":9,"column":64}},{"start":{"line":9,"column":67},"end":{"line":9,"column":70}}]},"1":{"loc":{"start":{"line":10,"column":9},"end":{"line":10,"column":66}},"type":"cond-expr","locations":[{"start":{"line":10,"column":49},"end":{"line":10,"column":55}},{"start":{"line":10,"column":58},"end":{"line":10,"column":66}}]},"2":{"loc":{"start":{"line":10,"column":9},"end":{"line":10,"column":46}},"type":"binary-expr","locations":[{"start":{"line":10,"column":9},"end":{"line":10,"column":32}},{"start":{"line":10,"column":36},"end":{"line":10,"column":46}}]},"3":{"loc":{"start":{"line":17,"column":12},"end":{"line":17,"column":73}},"type":"cond-expr","locations":[{"start":{"line":17,"column":47},"end":{"line":17,"column":59}},{"start":{"line":17,"column":62},"end":{"line":17,"column":73}}]},"4":{"loc":{"start":{"line":18,"column":11},"end":{"line":18,"column":65}},"type":"cond-expr","locations":[{"start":{"line":18,"column":45},"end":{"line":18,"column":56}},{"start":{"line":18,"column":59},"end":{"line":18,"column":65}}]}},"s":{"0":0,"1":0,"2":0,"3":0},"f":{"0":0,"1":0},"b":{"0":[0,0],"1":[0,0],"2":[0,0],"3":[0,0],"4":[0,0]}}
,"/Users/hectorarrieta/gallery-manager-api/src/utils/response.ts": {"path":"/Users/hectorarrieta/gallery-manager-api/src/utils/response.ts","statementMap":{"0":{"start":{"line":7,"column":23},"end":{"line":7,"column":80}},"1":{"start":{"line":7,"column":56},"end":{"line":7,"column":79}},"2":{"start":{"line":7,"column":13},"end":{"line":7,"column":23}},"3":{"start":{"line":9,"column":23},"end":{"line":12,"column":2}},"4":{"start":{"line":9,"column":79},"end":{"line":12,"column":2}},"5":{"start":{"line":9,"column":13},"end":{"line":9,"column":23}}},"fnMap":{"0":{"name":"(anonymous_0)","decl":{"start":{"line":7,"column":23},"end":{"line":7,"column":27}},"loc":{"start":{"line":7,"column":56},"end":{"line":7,"column":79}}},"1":{"name":"(anonymous_1)","decl":{"start":{"line":9,"column":23},"end":{"line":9,"column":24}},"loc":{"start":{"line":9,"column":79},"end":{"line":12,"column":2}}}},"branchMap":{},"s":{"0":0,"1":0,"2":0,"3":0,"4":0,"5":0},"f":{"0":0,"1":0},"b":{}}
}
