TN:
SF:src/db/prisma.ts
FNF:0
FNH:0
DA:1,0
DA:9,0
DA:17,0
DA:18,0
DA:21,0
LF:5
LH:0
BRDA:9,0,0,0
BRDA:9,0,1,0
BRDA:12,1,0,0
BRDA:12,1,1,0
BRDA:17,2,0,0
BRDA:17,2,1,0
BRF:6
BRH:0
end_of_record
TN:
SF:src/db/supabase.ts
FN:12,getSupabaseClient
FNF:1
FNH:0
FNDA:0,getSupabaseClient
DA:1,0
DA:2,0
DA:12,0
DA:13,0
DA:14,0
DA:15,0
DA:17,0
DA:18,0
DA:23,0
DA:28,0
LF:10
LH:0
BRDA:13,0,0,0
BRDA:13,0,1,0
BRDA:17,1,0,0
BRDA:17,1,1,0
BRDA:17,2,0,0
BRDA:17,2,1,0
BRF:6
BRH:0
end_of_record
TN:
SF:src/dtos/ArtworkDTO.ts
FN:18,(anonymous_0)
FNF:1
FNH:0
FNDA:0,(anonymous_0)
DA:5,0
DA:19,0
DA:20,0
DA:21,0
DA:22,0
DA:23,0
DA:24,0
DA:25,0
DA:26,0
DA:27,0
DA:28,0
DA:29,0
LF:12
LH:0
BRF:0
BRH:0
end_of_record
TN:
SF:src/dtos/GalleryDTO.ts
FN:17,(anonymous_0)
FNF:1
FNH:0
FNDA:0,(anonymous_0)
DA:7,0
DA:18,0
DA:19,0
DA:20,0
DA:21,0
DA:22,0
DA:23,0
DA:24,0
DA:25,0
LF:9
LH:0
BRF:0
BRH:0
end_of_record
TN:
SF:src/dtos/UserDTO.ts
FN:9,(anonymous_0)
FNF:1
FNH:1
FNDA:8,(anonymous_0)
DA:3,2
DA:10,8
DA:11,8
DA:12,8
DA:13,8
LF:5
LH:5
BRF:0
BRH:0
end_of_record
TN:
SF:src/errors/AppErrors.ts
FN:2,(anonymous_0)
FN:37,createError
FNF:2
FNH:2
FNDA:15,(anonymous_0)
FNDA:15,createError
DA:1,3
DA:3,15
DA:4,15
DA:6,15
DA:8,15
DA:9,15
DA:19,3
DA:37,3
DA:41,15
LF:9
LH:9
BRDA:44,0,0,15
BRDA:44,0,1,8
BRF:2
BRH:2
end_of_record
TN:
SF:src/middleware/auth.ts
FN:8,verifyToken
FN:20,requireAuth
FNF:2
FNH:0
FNDA:0,verifyToken
FNDA:0,requireAuth
DA:2,0
DA:3,0
DA:6,0
DA:8,0
DA:9,0
DA:10,0
DA:13,0
DA:14,0
DA:16,0
DA:20,0
DA:21,0
DA:23,0
DA:24,0
DA:25,0
DA:28,0
DA:29,0
DA:30,0
DA:32,0
LF:18
LH:0
BRDA:9,0,0,0
BRDA:9,0,1,0
BRDA:23,1,0,0
BRDA:23,1,1,0
BRF:4
BRH:0
end_of_record
TN:
SF:src/middleware/cors.ts
FNF:0
FNH:0
DA:1,0
DA:3,0
DA:5,0
DA:6,0
DA:8,0
LF:5
LH:0
BRDA:3,0,0,0
BRDA:3,0,1,0
BRF:2
BRH:0
end_of_record
TN:
SF:src/middleware/errorHandler.ts
FN:6,errorHandler
FN:15,(anonymous_1)
FN:32,notFoundHandler
FNF:3
FNH:0
FNDA:0,errorHandler
FNDA:0,(anonymous_1)
FNDA:0,notFoundHandler
DA:2,0
DA:3,0
DA:4,0
DA:6,0
DA:12,0
DA:14,0
DA:15,0
DA:16,0
DA:19,0
DA:22,0
DA:23,0
DA:24,0
DA:27,0
DA:32,0
DA:33,0
LF:15
LH:0
BRDA:14,0,0,0
BRDA:14,0,1,0
BRDA:22,1,0,0
BRDA:22,1,1,0
BRF:4
BRH:0
end_of_record
TN:
SF:src/routes/artworks.ts
FN:9,(anonymous_9)
FN:19,(anonymous_10)
FNF:2
FNH:0
FNDA:0,(anonymous_9)
FNDA:0,(anonymous_10)
DA:1,0
DA:2,0
DA:3,0
DA:4,0
DA:5,0
DA:7,0
DA:9,0
DA:10,0
DA:11,0
DA:12,0
DA:13,0
DA:15,0
DA:19,0
DA:20,0
DA:21,0
DA:22,0
DA:24,0
DA:28,0
LF:18
LH:0
BRF:0
BRH:0
end_of_record
TN:
SF:src/routes/auth.ts
FN:9,(anonymous_9)
FN:19,(anonymous_10)
FN:29,(anonymous_11)
FN:33,(anonymous_12)
FNF:4
FNH:0
FNDA:0,(anonymous_9)
FNDA:0,(anonymous_10)
FNDA:0,(anonymous_11)
FNDA:0,(anonymous_12)
DA:1,0
DA:2,0
DA:3,0
DA:4,0
DA:5,0
DA:7,0
DA:9,0
DA:10,0
DA:11,0
DA:12,0
DA:13,0
DA:15,0
DA:19,0
DA:20,0
DA:21,0
DA:22,0
DA:23,0
DA:25,0
DA:29,0
DA:30,0
DA:33,0
DA:34,0
DA:37,0
LF:23
LH:0
BRF:0
BRH:0
end_of_record
TN:
SF:src/routes/galleries.ts
FN:13,(anonymous_9)
FN:22,(anonymous_10)
FN:32,(anonymous_11)
FN:41,(anonymous_12)
FN:55,(anonymous_13)
FNF:5
FNH:0
FNDA:0,(anonymous_9)
FNDA:0,(anonymous_10)
FNDA:0,(anonymous_11)
FNDA:0,(anonymous_12)
FNDA:0,(anonymous_13)
DA:1,0
DA:2,0
DA:3,0
DA:4,0
DA:5,0
DA:6,0
DA:7,0
DA:8,0
DA:9,0
DA:11,0
DA:13,0
DA:14,0
DA:15,0
DA:16,0
DA:18,0
DA:22,0
DA:23,0
DA:24,0
DA:25,0
DA:26,0
DA:28,0
DA:32,0
DA:33,0
DA:34,0
DA:35,0
DA:37,0
DA:41,0
DA:42,0
DA:43,0
DA:44,0
DA:46,0
DA:47,0
DA:49,0
DA:51,0
DA:55,0
DA:56,0
DA:57,0
DA:58,0
DA:60,0
DA:61,0
DA:63,0
DA:65,0
DA:69,0
LF:43
LH:0
BRF:0
BRH:0
end_of_record
TN:
SF:src/routes/public.ts
FN:9,(anonymous_9)
FN:18,(anonymous_10)
FNF:2
FNH:0
FNDA:0,(anonymous_9)
FNDA:0,(anonymous_10)
DA:1,0
DA:2,0
DA:3,0
DA:4,0
DA:5,0
DA:7,0
DA:9,0
DA:10,0
DA:11,0
DA:12,0
DA:14,0
DA:18,0
DA:19,0
DA:20,0
DA:22,0
DA:23,0
DA:25,0
DA:27,0
DA:31,0
LF:19
LH:0
BRF:0
BRH:0
end_of_record
TN:
SF:src/routes/upload.ts
FN:17,parseFile
FN:18,(anonymous_10)
FN:34,(anonymous_11)
FNF:3
FNH:0
FNDA:0,parseFile
FNDA:0,(anonymous_10)
FNDA:0,(anonymous_11)
DA:1,0
DA:2,0
DA:3,0
DA:4,0
DA:5,0
DA:6,0
DA:8,0
DA:10,0
DA:12,0
DA:18,0
DA:19,0
DA:20,0
DA:21,0
DA:24,0
DA:25,0
DA:26,0
DA:27,0
DA:30,0
DA:34,0
DA:35,0
DA:36,0
DA:37,0
DA:38,0
DA:40,0
DA:44,0
LF:25
LH:0
BRDA:19,0,0,0
BRDA:19,0,1,0
BRDA:19,1,0,0
BRDA:19,1,1,0
BRDA:24,2,0,0
BRDA:24,2,1,0
BRDA:25,3,0,0
BRDA:25,3,1,0
BRF:8
BRH:0
end_of_record
TN:
SF:src/schemas/artwork.ts
FNF:0
FNH:0
DA:1,0
DA:5,0
DA:14,0
LF:3
LH:0
BRF:0
BRH:0
end_of_record
TN:
SF:src/schemas/auth.ts
FNF:0
FNH:0
DA:1,0
DA:3,0
DA:10,0
LF:3
LH:0
BRF:0
BRH:0
end_of_record
TN:
SF:src/schemas/gallery.ts
FNF:0
FNH:0
DA:1,0
DA:3,0
LF:2
LH:0
BRF:0
BRH:0
end_of_record
TN:
SF:src/services/artworkService.ts
FN:14,isSortableField
FN:18,isSortOrder
FN:22,getArtworksByGallery
FN:51,(anonymous_4)
FN:54,createArtwork
FN:82,updateArtwork
FN:104,deleteArtwork
FN:120,(anonymous_8)
FN:129,(anonymous_9)
FNF:9
FNH:0
FNDA:0,isSortableField
FNDA:0,isSortOrder
FNDA:0,getArtworksByGallery
FNDA:0,(anonymous_4)
FNDA:0,createArtwork
FNDA:0,updateArtwork
FNDA:0,deleteArtwork
FNDA:0,(anonymous_8)
FNDA:0,(anonymous_9)
DA:2,0
DA:3,0
DA:4,0
DA:8,0
DA:11,0
DA:15,0
DA:19,0
DA:22,0
DA:29,0
DA:30,0
DA:35,0
DA:36,0
DA:41,0
DA:42,0
DA:44,0
DA:49,0
DA:51,0
DA:54,0
DA:58,0
DA:64,0
DA:66,0
DA:79,0
DA:82,0
DA:87,0
DA:89,0
DA:90,0
DA:93,0
DA:95,0
DA:96,0
DA:99,0
DA:101,0
DA:104,0
DA:108,0
DA:110,0
DA:111,0
DA:114,0
DA:116,0
DA:117,0
DA:120,0
DA:121,0
DA:123,0
DA:128,0
DA:130,0
DA:135,0
LF:44
LH:0
BRDA:24,0,0,0
BRDA:25,1,0,0
BRDA:26,2,0,0
BRDA:27,3,0,0
BRDA:29,4,0,0
BRDA:29,4,1,0
BRDA:35,5,0,0
BRDA:35,5,1,0
BRDA:64,6,0,0
BRDA:64,6,1,0
BRDA:89,7,0,0
BRDA:89,7,1,0
BRDA:95,8,0,0
BRDA:95,8,1,0
BRDA:95,9,0,0
BRDA:95,9,1,0
BRDA:110,10,0,0
BRDA:110,10,1,0
BRDA:116,11,0,0
BRDA:116,11,1,0
BRDA:116,12,0,0
BRDA:116,12,1,0
BRF:22
BRH:0
end_of_record
TN:
SF:src/services/authService.ts
FN:13,hashPassword
FN:17,validatePassword
FN:21,generateToken
FN:29,slugify
FN:39,generateUniqueSlug
FN:50,signUp
FN:84,login
FNF:7
FNH:7
FNDA:7,hashPassword
FNDA:5,validatePassword
FNDA:4,generateToken
FNDA:6,slugify
FNDA:6,generateUniqueSlug
FNDA:7,signUp
FNDA:6,login
DA:1,2
DA:2,2
DA:3,2
DA:4,2
DA:5,2
DA:6,2
DA:10,2
DA:11,2
DA:13,2
DA:14,7
DA:17,2
DA:18,5
DA:21,2
DA:22,4
DA:23,1
DA:26,3
DA:30,6
DA:40,6
DA:41,6
DA:43,6
DA:44,1
DA:47,6
DA:50,2
DA:51,7
DA:52,7
DA:53,1
DA:56,6
DA:57,6
DA:58,6
DA:60,6
DA:70,6
DA:78,6
DA:84,2
DA:85,6
DA:90,6
DA:91,2
DA:94,4
DA:95,4
DA:96,1
DA:99,3
DA:100,3
DA:101,1
DA:104,2
DA:106,2
LF:44
LH:44
BRDA:22,0,0,1
BRDA:22,0,1,3
BRDA:40,1,0,6
BRDA:40,1,1,1
BRDA:52,2,0,1
BRDA:52,2,1,6
BRDA:56,3,0,6
BRDA:56,3,1,1
BRDA:66,4,0,6
BRDA:66,4,1,5
BRDA:90,5,0,2
BRDA:90,5,1,4
BRDA:90,6,0,6
BRDA:90,6,1,5
BRDA:95,7,0,1
BRDA:95,7,1,3
BRDA:100,8,0,1
BRDA:100,8,1,2
BRF:18
BRH:18
end_of_record
TN:
SF:src/services/galleryService.ts
FN:6,getUserGallery
FN:16,updateGallery
FN:39,getGalleryBySlug
FNF:3
FNH:0
FNDA:0,getUserGallery
FNDA:0,updateGallery
FNDA:0,getGalleryBySlug
DA:1,0
DA:2,0
DA:3,0
DA:6,0
DA:7,0
DA:9,0
DA:10,0
DA:13,0
DA:16,0
DA:21,0
DA:23,0
DA:24,0
DA:27,0
DA:28,0
DA:31,0
DA:36,0
DA:39,0
DA:40,0
DA:42,0
DA:43,0
DA:46,0
DA:48,0
DA:49,0
DA:52,0
LF:24
LH:0
BRDA:9,0,0,0
BRDA:9,0,1,0
BRDA:23,1,0,0
BRDA:23,1,1,0
BRDA:27,2,0,0
BRDA:27,2,1,0
BRDA:42,3,0,0
BRDA:42,3,1,0
BRDA:48,4,0,0
BRDA:48,4,1,0
BRDA:48,5,0,0
BRDA:48,5,1,0
BRF:12
BRH:0
end_of_record
TN:
SF:src/services/uploadService.ts
FN:18,uploadImage
FNF:1
FNH:1
FNDA:14,uploadImage
DA:1,1
DA:2,1
DA:3,1
DA:4,1
DA:7,1
DA:8,1
DA:10,1
DA:18,1
DA:23,14
DA:24,1
DA:27,13
DA:28,13
DA:29,2
DA:34,11
DA:35,2
DA:38,9
DA:39,1
DA:42,8
DA:44,6
DA:45,6
DA:47,6
DA:48,6
DA:53,6
DA:54,1
DA:57,5
DA:59,5
LF:26
LH:26
BRDA:23,0,0,1
BRDA:23,0,1,13
BRDA:28,1,0,2
BRDA:28,1,1,11
BRDA:34,2,0,2
BRDA:34,2,1,9
BRDA:38,3,0,1
BRDA:38,3,1,8
BRDA:53,4,0,1
BRDA:53,4,1,5
BRF:10
BRH:10
end_of_record
TN:
SF:src/utils/ownership.ts
FN:4,assertGalleryOwnership
FNF:1
FNH:0
FNDA:0,assertGalleryOwnership
DA:1,0
DA:2,0
DA:4,0
DA:5,0
DA:7,0
DA:8,0
DA:11,0
DA:12,0
DA:15,0
LF:9
LH:0
BRDA:7,0,0,0
BRDA:7,0,1,0
BRDA:11,1,0,0
BRDA:11,1,1,0
BRF:4
BRH:0
end_of_record
TN:
SF:src/utils/pagination.ts
FN:8,parsePositiveInt
FN:13,parsePaginationParams
FNF:2
FNH:0
FNDA:0,parsePositiveInt
FNDA:0,parsePaginationParams
DA:9,0
DA:10,0
DA:13,0
DA:14,0
LF:4
LH:0
BRDA:9,0,0,0
BRDA:9,0,1,0
BRDA:10,1,0,0
BRDA:10,1,1,0
BRDA:10,2,0,0
BRDA:10,2,1,0
BRDA:17,3,0,0
BRDA:17,3,1,0
BRDA:18,4,0,0
BRDA:18,4,1,0
BRF:10
BRH:0
end_of_record
TN:
SF:src/utils/response.ts
FN:7,(anonymous_0)
FN:9,(anonymous_1)
FNF:2
FNH:0
FNDA:0,(anonymous_0)
FNDA:0,(anonymous_1)
DA:7,0
DA:9,0
LF:2
LH:0
BRF:0
BRH:0
end_of_record
